<?xml version="1.0" encoding="UTF-8"?>
<testng-results ignored="0" total="1" passed="1" failed="0" skipped="0">
  <reporter-output>
  </reporter-output>
  <suite started-at="2024-02-12T14:01:58 IST" name="Default suite" finished-at="2024-02-12T14:02:05 IST" duration-ms="7119">
    <groups>
    </groups>
    <test started-at="2024-02-12T14:01:58 IST" name="Default test" finished-at="2024-02-12T14:02:05 IST" duration-ms="7119">
      <class name="pages.error">
        <test-method is-config="true" signature="before()[pri:0, instance:pages.error@4f6ee6e4]" started-at="2024-02-12T14:01:58 IST" name="before" finished-at="2024-02-12T14:01:58 IST" duration-ms="50" status="PASS">
          <reporter-output>
          </reporter-output>
        </test-method> <!-- before -->
        <test-method is-config="true" signature="setUp()[pri:0, instance:pages.error@4f6ee6e4]" started-at="2024-02-12T14:01:58 IST" name="setUp" finished-at="2024-02-12T14:02:02 IST" duration-ms="4359" status="PASS">
          <reporter-output>
          </reporter-output>
        </test-method> <!-- setUp -->
        <test-method signature="test1()[pri:0, instance:pages.error@4f6ee6e4]" started-at="2024-02-12T14:02:02 IST" name="test1" finished-at="2024-02-12T14:02:05 IST" duration-ms="2455" status="PASS">
          <reporter-output>
          </reporter-output>
        </test-method> <!-- test1 -->
        <test-method is-config="true" signature="tearDown()[pri:0, instance:pages.error@4f6ee6e4]" started-at="2024-02-12T14:02:05 IST" name="tearDown" finished-at="2024-02-12T14:02:05 IST" duration-ms="173" status="PASS">
          <reporter-output>
          </reporter-output>
        </test-method> <!-- tearDown -->
      </class> <!-- pages.error -->
    </test> <!-- Default test -->
  </suite> <!-- Default suite -->
</testng-results>
